#
# There is insufficient memory for the Java Runtime Environment to continue.
# Native memory allocation (malloc) failed to allocate 1476816 bytes for Chunk::new
# Possible reasons:
#   The system is out of physical RAM or swap space
#   The process is running with CompressedOops enabled, and the Java Heap may be blocking the growth of the native heap
# Possible solutions:
#   Reduce memory load on the system
#   Increase physical memory or swap space
#   Check if swap backing store is full
#   Decrease Java heap size (-Xmx/-Xms)
#   Decrease number of Java threads
#   Decrease Java thread stack sizes (-Xss)
#   Set larger code cache with -XX:ReservedCodeCacheSize=
#   JVM is running with Unscaled Compressed Oops mode in which the Java heap is
#     placed in the first 4GB address space. The Java Heap base address is the
#     maximum limit for the native heap growth. Please use -XX:HeapBaseMinAddress
#     to set the Java Heap base and to place the Java Heap above 4GB virtual address.
# This output file may be truncated or incomplete.
#
#  Out of Memory Error (allocation.cpp:389), pid=21656, tid=0x000000000000508c
#
# JRE version: OpenJDK Runtime Environment (8.0_212-b04) (build 1.8.0_212-release-1586-b04)
# Java VM: OpenJDK 64-Bit Server VM (25.212-b04 mixed mode windows-amd64 compressed oops)
# Failed to write core dump. Minidumps are not enabled by default on client versions of Windows
#

---------------  T H R E A D  ---------------

Current thread (0x000000001800d000):  JavaThread "C2 CompilerThread1" daemon [_thread_in_native, id=20620, stack(0x00000000189e0000,0x0000000018ae0000)]

Stack: [0x00000000189e0000,0x0000000018ae0000]
[error occurred during error reporting (printing stack bounds), id 0xc0000005]

Native frames: (J=compiled Java code, j=interpreted, Vv=VM code, C=native code)


Current CompileTask:
C2:   7844 7057       4       com.android.utils.XmlUtils::append (639 bytes)


---------------  P R O C E S S  ---------------

Java Threads: ( => current thread )
  0x000000001d09e000 JavaThread "stdout" [_thread_in_native, id=10036, stack(0x0000000026af0000,0x0000000026bf0000)]
  0x000000001d0a0000 JavaThread "stderr" [_thread_in_native, id=17120, stack(0x00000000269f0000,0x0000000026af0000)]
  0x000000001e09f800 JavaThread "stdout" [_thread_in_native, id=3328, stack(0x0000000026ef0000,0x0000000026ff0000)]
  0x000000001e09e000 JavaThread "stderr" [_thread_in_native, id=2384, stack(0x0000000026df0000,0x0000000026ef0000)]
  0x000000001e099800 JavaThread "stdout" [_thread_in_native, id=19920, stack(0x00000000268f0000,0x00000000269f0000)]
  0x000000001e09c800 JavaThread "stderr" [_thread_in_native, id=4744, stack(0x00000000267f0000,0x00000000268f0000)]
  0x000000001e09b800 JavaThread "pool-2-thread-1" [_thread_blocked, id=21132, stack(0x00000000266f0000,0x00000000267f0000)]
  0x000000001e09b000 JavaThread "WorkerExecutor Queue Thread 5" [_thread_blocked, id=11612, stack(0x00000000265f0000,0x00000000266f0000)]
  0x000000001e092000 JavaThread "WorkerExecutor Queue Thread 4" [_thread_blocked, id=10020, stack(0x00000000264f0000,0x00000000265f0000)]
  0x000000001e098800 JavaThread "WorkerExecutor Queue Thread 3" [_thread_blocked, id=2492, stack(0x00000000263f0000,0x00000000264f0000)]
  0x000000001e095800 JavaThread "WorkerExecutor Queue Thread 2" [_thread_blocked, id=5568, stack(0x00000000262f0000,0x00000000263f0000)]
  0x000000001e095000 JavaThread "WorkerExecutor Queue" [_thread_blocked, id=3876, stack(0x0000000025d80000,0x0000000025e80000)]
  0x000000001e094000 JavaThread "Cache worker for execution history cache (C:\Users\Admin\AndroidStudioProjects\TicTacToe\.gradle\5.6.4\executionHistory)" [_thread_in_Java, id=21004, stack(0x0000000025c80000,0x0000000025d80000)]
  0x000000001e091000 JavaThread "Execution worker for ':' Thread 7" [_thread_blocked, id=1372, stack(0x0000000025b80000,0x0000000025c80000)]
  0x000000001e092800 JavaThread "Execution worker for ':' Thread 6" [_thread_blocked, id=18056, stack(0x0000000025a80000,0x0000000025b80000)]
  0x000000001e093800 JavaThread "Execution worker for ':' Thread 5" [_thread_in_Java, id=7752, stack(0x0000000025980000,0x0000000025a80000)]
  0x0000000020d94000 JavaThread "Execution worker for ':' Thread 4" [_thread_in_native, id=14076, stack(0x0000000025880000,0x0000000025980000)]
  0x0000000020d92800 JavaThread "Execution worker for ':' Thread 3" [_thread_in_Java, id=18748, stack(0x0000000025780000,0x0000000025880000)]
  0x0000000020d95000 JavaThread "Execution worker for ':' Thread 2" [_thread_blocked, id=10376, stack(0x0000000024670000,0x0000000024770000)]
  0x0000000020d99800 JavaThread "Execution worker for ':'" [_thread_blocked, id=6648, stack(0x00000000242a0000,0x00000000243a0000)]
  0x0000000020d98800 JavaThread "Cache worker for file content cache (C:\Users\Admin\AndroidStudioProjects\TicTacToe\.gradle\5.6.4\fileContent)" [_thread_blocked, id=3656, stack(0x0000000023da0000,0x0000000023ea0000)]
  0x0000000020d96800 JavaThread "Cache worker for file content cache (C:\Users\Admin\.gradle\caches\5.6.4\fileContent)" [_thread_blocked, id=21272, stack(0x0000000023ca0000,0x0000000023da0000)]
  0x0000000020d93800 JavaThread "Memory manager" [_thread_blocked, id=16248, stack(0x0000000023410000,0x0000000023510000)]
  0x0000000020d8b000 JavaThread "Cache worker for Build Output Cleanup Cache (C:\Users\Admin\AndroidStudioProjects\TicTacToe\.gradle\buildOutputCleanup)" [_thread_blocked, id=18952, stack(0x00000000235a0000,0x00000000236a0000)]
  0x0000000020d8a800 JavaThread "Build operations Thread 8" [_thread_blocked, id=15836, stack(0x0000000022850000,0x0000000022950000)]
  0x0000000020d8f800 JavaThread "Build operations Thread 7" [_thread_blocked, id=13568, stack(0x0000000022750000,0x0000000022850000)]
  0x0000000020d90800 JavaThread "Build operations Thread 6" [_thread_blocked, id=21232, stack(0x0000000022650000,0x0000000022750000)]
  0x0000000020d8c000 JavaThread "Build operations Thread 5" [_thread_blocked, id=4256, stack(0x0000000022550000,0x0000000022650000)]
  0x0000000020d8d800 JavaThread "Build operations Thread 4" [_thread_blocked, id=11928, stack(0x0000000022450000,0x0000000022550000)]
  0x0000000020d8f000 JavaThread "Build operations Thread 3" [_thread_blocked, id=2316, stack(0x0000000022350000,0x0000000022450000)]
  0x0000000020d91000 JavaThread "Build operations Thread 2" [_thread_blocked, id=21868, stack(0x0000000022250000,0x0000000022350000)]
  0x0000000020d8e000 JavaThread "Build operations" [_thread_blocked, id=15600, stack(0x0000000022150000,0x0000000022250000)]
  0x0000000020d8c800 JavaThread "Cache worker for execution history cache (C:\Users\Admin\.gradle\caches\5.6.4\executionHistory)" [_thread_blocked, id=16956, stack(0x0000000022050000,0x0000000022150000)]
  0x00000000196b2000 JavaThread "Cache worker for cache directory md-rule (C:\Users\Admin\.gradle\caches\5.6.4\md-rule)" [_thread_blocked, id=1552, stack(0x000000001f8e0000,0x000000001f9e0000)]
  0x00000000196b1000 JavaThread "Cache worker for cache directory md-supplier (C:\Users\Admin\.gradle\caches\5.6.4\md-supplier)" [_thread_blocked, id=12556, stack(0x000000001f6a0000,0x000000001f7a0000)]
  0x00000000196ab000 JavaThread "Cache worker for file hash cache (C:\Users\Admin\AndroidStudioProjects\TicTacToe\.gradle\5.6.4\fileHashes)" [_thread_blocked, id=9780, stack(0x000000001f7e0000,0x000000001f8e0000)]
  0x00000000196af800 JavaThread "Cache worker for journal cache (C:\Users\Admin\.gradle\caches\journal-1)" [_thread_blocked, id=16596, stack(0x000000001ce00000,0x000000001cf00000)]
  0x00000000196ae000 JavaThread "File lock request listener" [_thread_in_native, id=1244, stack(0x000000001cd00000,0x000000001ce00000)]
  0x000000001916e800 JavaThread "Cache worker for file hash cache (C:\Users\Admin\.gradle\caches\5.6.4\fileHashes)" [_thread_blocked, id=22088, stack(0x000000001cc00000,0x000000001cd00000)]
  0x000000001a97a000 JavaThread "Thread-9" [_thread_blocked, id=16372, stack(0x000000001c900000,0x000000001ca00000)]
  0x000000001aa18000 JavaThread "Stdin handler" [_thread_blocked, id=20644, stack(0x000000001c800000,0x000000001c900000)]
  0x000000001aa3f800 JavaThread "Asynchronous log dispatcher for DefaultDaemonConnection: socket connection from /127.0.0.1:57496 to /127.0.0.1:57497" [_thread_blocked, id=128, stack(0x000000001c600000,0x000000001c700000)]
  0x000000001a982000 JavaThread "Daemon worker" [_thread_blocked, id=21448, stack(0x000000001c500000,0x000000001c600000)]
  0x000000001aa1a800 JavaThread "Cancel handler" [_thread_blocked, id=17900, stack(0x000000001c400000,0x000000001c500000)]
  0x000000001a9d3000 JavaThread "Handler for socket connection from /127.0.0.1:57496 to /127.0.0.1:57497" [_thread_in_native, id=3612, stack(0x000000001c100000,0x000000001c200000)]
  0x000000001a962000 JavaThread "Daemon" [_thread_blocked, id=2888, stack(0x000000001c000000,0x000000001c100000)]
  0x000000001a953800 JavaThread "Daemon periodic checks" [_thread_blocked, id=17176, stack(0x000000001bf00000,0x000000001c000000)]
  0x000000001a948800 JavaThread "Incoming local TCP Connector on port 57496" [_thread_in_native, id=17208, stack(0x000000001bcc0000,0x000000001bdc0000)]
  0x0000000018396800 JavaThread "Daemon health stats" [_thread_blocked, id=21812, stack(0x000000001b680000,0x000000001b780000)]
  0x0000000018028000 JavaThread "Service Thread" daemon [_thread_blocked, id=2008, stack(0x0000000018ce0000,0x0000000018de0000)]
  0x0000000018017000 JavaThread "C1 CompilerThread3" daemon [_thread_in_vm, id=18156, stack(0x0000000018be0000,0x0000000018ce0000)]
  0x0000000018013000 JavaThread "C2 CompilerThread2" daemon [_thread_in_native, id=10232, stack(0x0000000018ae0000,0x0000000018be0000)]
=>0x000000001800d000 JavaThread "C2 CompilerThread1" daemon [_thread_in_native, id=20620, stack(0x00000000189e0000,0x0000000018ae0000)]
  0x000000001800a800 JavaThread "C2 CompilerThread0" daemon [_thread_in_native, id=12164, stack(0x00000000188e0000,0x00000000189e0000)]
  0x0000000018008800 JavaThread "Attach Listener" daemon [_thread_blocked, id=22476, stack(0x00000000187e0000,0x00000000188e0000)]
  0x00000000161fe800 JavaThread "Signal Dispatcher" daemon [_thread_blocked, id=3068, stack(0x00000000186e0000,0x00000000187e0000)]
  0x0000000018001000 JavaThread "Finalizer" daemon [_thread_blocked, id=12820, stack(0x00000000184e0000,0x00000000185e0000)]
  0x0000000018000800 JavaThread "Reference Handler" daemon [_thread_blocked, id=21296, stack(0x00000000183e0000,0x00000000184e0000)]
  0x000000000242e800 JavaThread "main" [_thread_blocked, id=22180, stack(0x0000000002180000,0x0000000002280000)]

Other Threads:
  0x00000000161e8000 VMThread [stack: 0x0000000017ee0000,0x0000000017fe0000] [id=15300]
  0x0000000018029000 WatcherThread [stack: 0x0000000018de0000,0x0000000018ee0000] [id=18444]

VM state:not at safepoint (normal execution)

VM Mutex/Monitor currently owned by a thread: None

heap address: 0x00000000a0000000, size: 1536 MB, Compressed Oops mode: 32-bit
Narrow klass base: 0x0000000000000000, Narrow klass shift: 3
Compressed class space size: 1073741824 Address: 0x0000000100000000

Heap:
 PSYoungGen      total 179200K, used 144023K [0x00000000e0000000, 0x00000000ec800000, 0x0000000100000000)
  eden space 160768K, 89% used [0x00000000e0000000,0x00000000e8ca5c40,0x00000000e9d00000)
  from space 18432K, 0% used [0x00000000eaf00000,0x00000000eaf00000,0x00000000ec100000)
  to   space 18432K, 0% used [0x00000000e9d00000,0x00000000e9d00000,0x00000000eaf00000)
 ParOldGen       total 94208K, used 31018K [0x00000000a0000000, 0x00000000a5c00000, 0x00000000e0000000)
  object space 94208K, 32% used [0x00000000a0000000,0x00000000a1e4a828,0x00000000a5c00000)
 Metaspace       used 60769K, capacity 63250K, committed 63488K, reserved 1103872K
  class space    used 8387K, capacity 8916K, committed 8960K, reserved 1048576K

Card table byte_map: [0x00000000117f0000,0x0000000011b00000] byte_map_base: 0x00000000112f0000

Marking Bits: (ParMarkBitMap*) 0x000000005f0d9f30
 Begin Bits: [0x0000000012500000, 0x0000000013d00000)
 End Bits:   [0x0000000013d00000, 0x0000000015500000)

Polling page: 0x0000000000ac0000

CodeCache: size=245760Kb used=21155Kb max_used=21155Kb free=224604Kb
 bounds [0x0000000002430000, 0x00000000038f0000, 0x0000000011430000]
 total_blobs=7462 nmethods=6670 adapters=705
 compilation: enabled

Compilation events (10 events):
Event: 7.841 Thread 0x0000000018017000 nmethod 7499 0x00000000038e0110 code [0x00000000038e02c0, 0x00000000038e08f8]
Event: 7.841 Thread 0x0000000018017000 7498       3       org.gradle.execution.plan.DefaultExecutionPlan::canRunWithCurrentlyExecutedNodes (67 bytes)
Event: 7.841 Thread 0x0000000018017000 nmethod 7498 0x00000000038df910 code [0x00000000038dfac0, 0x00000000038dff78]
Event: 7.841 Thread 0x0000000018017000 7500       3       org.gradle.internal.execution.history.impl.AbstractExecutionState::<init> (32 bytes)
Event: 7.842 Thread 0x0000000018017000 nmethod 7500 0x00000000038d02d0 code [0x00000000038d0420, 0x00000000038d0630]
Event: 7.842 Thread 0x0000000018017000 7497       3       org.gradle.api.internal.artifacts.transform.TransformationSubject::<init> (5 bytes)
Event: 7.842 Thread 0x0000000018017000 nmethod 7497 0x00000000038df550 code [0x00000000038df6a0, 0x00000000038df850]
Event: 7.842 Thread 0x0000000018017000 7501   !   3       org.gradle.internal.snapshot.impl.DirectorySnapshotter::snapshot (80 bytes)
Event: 7.843 Thread 0x000000001800a800 nmethod 7488 0x00000000038e6f10 code [0x00000000038e7060, 0x00000000038e75d8]
Event: 7.843 Thread 0x000000001800a800 7495       4       java.util.LinkedList::peekLast (18 bytes)

GC Heap History (10 events):
Event: 3.843 GC heap before
{Heap before GC invocations=11 (full 2):
 PSYoungGen      total 112128K, used 10467K [0x00000000e0000000, 0x00000000e9b80000, 0x0000000100000000)
  eden space 100352K, 0% used [0x00000000e0000000,0x00000000e0000000,0x00000000e6200000)
  from space 11776K, 88% used [0x00000000e6200000,0x00000000e6c38cc8,0x00000000e6d80000)
  to   space 12288K, 0% used [0x00000000e8f80000,0x00000000e8f80000,0x00000000e9b80000)
 ParOldGen       total 60928K, used 9823K [0x00000000a0000000, 0x00000000a3b80000, 0x00000000e0000000)
  object space 60928K, 16% used [0x00000000a0000000,0x00000000a0997e88,0x00000000a3b80000)
 Metaspace       used 34642K, capacity 35440K, committed 35496K, reserved 1079296K
  class space    used 4761K, capacity 4973K, committed 4992K, reserved 1048576K
Event: 3.882 GC heap after
Heap after GC invocations=11 (full 2):
 PSYoungGen      total 112128K, used 0K [0x00000000e0000000, 0x00000000e9b80000, 0x0000000100000000)
  eden space 100352K, 0% used [0x00000000e0000000,0x00000000e0000000,0x00000000e6200000)
  from space 11776K, 0% used [0x00000000e6200000,0x00000000e6200000,0x00000000e6d80000)
  to   space 12288K, 0% used [0x00000000e8f80000,0x00000000e8f80000,0x00000000e9b80000)
 ParOldGen       total 94208K, used 17326K [0x00000000a0000000, 0x00000000a5c00000, 0x00000000e0000000)
  object space 94208K, 18% used [0x00000000a0000000,0x00000000a10ebb50,0x00000000a5c00000)
 Metaspace       used 34617K, capacity 35356K, committed 35496K, reserved 1079296K
  class space    used 4753K, capacity 4959K, committed 4992K, reserved 1048576K
}
Event: 4.846 GC heap before
{Heap before GC invocations=12 (full 2):
 PSYoungGen      total 112128K, used 100147K [0x00000000e0000000, 0x00000000e9b80000, 0x0000000100000000)
  eden space 100352K, 99% used [0x00000000e0000000,0x00000000e61ccce8,0x00000000e6200000)
  from space 11776K, 0% used [0x00000000e6200000,0x00000000e6200000,0x00000000e6d80000)
  to   space 12288K, 0% used [0x00000000e8f80000,0x00000000e8f80000,0x00000000e9b80000)
 ParOldGen       total 94208K, used 17326K [0x00000000a0000000, 0x00000000a5c00000, 0x00000000e0000000)
  object space 94208K, 18% used [0x00000000a0000000,0x00000000a10ebb50,0x00000000a5c00000)
 Metaspace       used 44567K, capacity 45662K, committed 45824K, reserved 1089536K
  class space    used 6012K, capacity 6317K, committed 6400K, reserved 1048576K
Event: 4.858 GC heap after
Heap after GC invocations=12 (full 2):
 PSYoungGen      total 139776K, used 12276K [0x00000000e0000000, 0x00000000e9b80000, 0x0000000100000000)
  eden space 127488K, 0% used [0x00000000e0000000,0x00000000e0000000,0x00000000e7c80000)
  from space 12288K, 99% used [0x00000000e8f80000,0x00000000e9b7d278,0x00000000e9b80000)
  to   space 14336K, 0% used [0x00000000e7f80000,0x00000000e7f80000,0x00000000e8d80000)
 ParOldGen       total 94208K, used 19054K [0x00000000a0000000, 0x00000000a5c00000, 0x00000000e0000000)
  object space 94208K, 20% used [0x00000000a0000000,0x00000000a129bbf8,0x00000000a5c00000)
 Metaspace       used 44567K, capacity 45662K, committed 45824K, reserved 1089536K
  class space    used 6012K, capacity 6317K, committed 6400K, reserved 1048576K
}
Event: 6.119 GC heap before
{Heap before GC invocations=13 (full 2):
 PSYoungGen      total 139776K, used 139764K [0x00000000e0000000, 0x00000000e9b80000, 0x0000000100000000)
  eden space 127488K, 100% used [0x00000000e0000000,0x00000000e7c80000,0x00000000e7c80000)
  from space 12288K, 99% used [0x00000000e8f80000,0x00000000e9b7d278,0x00000000e9b80000)
  to   space 14336K, 0% used [0x00000000e7f80000,0x00000000e7f80000,0x00000000e8d80000)
 ParOldGen       total 94208K, used 19054K [0x00000000a0000000, 0x00000000a5c00000, 0x00000000e0000000)
  object space 94208K, 20% used [0x00000000a0000000,0x00000000a129bbf8,0x00000000a5c00000)
 Metaspace       used 55308K, capacity 57018K, committed 57216K, reserved 1097728K
  class space    used 7629K, capacity 8038K, committed 8064K, reserved 1048576K
Event: 6.132 GC heap after
Heap after GC invocations=13 (full 2):
 PSYoungGen      total 144896K, used 14316K [0x00000000e0000000, 0x00000000ec100000, 0x0000000100000000)
  eden space 130560K, 0% used [0x00000000e0000000,0x00000000e0000000,0x00000000e7f80000)
  from space 14336K, 99% used [0x00000000e7f80000,0x00000000e8d7b2a0,0x00000000e8d80000)
  to   space 18432K, 0% used [0x00000000eaf00000,0x00000000eaf00000,0x00000000ec100000)
 ParOldGen       total 94208K, used 24998K [0x00000000a0000000, 0x00000000a5c00000, 0x00000000e0000000)
  object space 94208K, 26% used [0x00000000a0000000,0x00000000a1869818,0x00000000a5c00000)
 Metaspace       used 55308K, capacity 57018K, committed 57216K, reserved 1097728K
  class space    used 7629K, capacity 8038K, committed 8064K, reserved 1048576K
}
Event: 6.486 GC heap before
{Heap before GC invocations=14 (full 2):
 PSYoungGen      total 144896K, used 51596K [0x00000000e0000000, 0x00000000ec100000, 0x0000000100000000)
  eden space 130560K, 28% used [0x00000000e0000000,0x00000000e2467fe8,0x00000000e7f80000)
  from space 14336K, 99% used [0x00000000e7f80000,0x00000000e8d7b2a0,0x00000000e8d80000)
  to   space 18432K, 0% used [0x00000000eaf00000,0x00000000eaf00000,0x00000000ec100000)
 ParOldGen       total 94208K, used 24998K [0x00000000a0000000, 0x00000000a5c00000, 0x00000000e0000000)
  object space 94208K, 26% used [0x00000000a0000000,0x00000000a1869818,0x00000000a5c00000)
 Metaspace       used 57038K, capacity 59094K, committed 59160K, reserved 1099776K
  class space    used 7905K, capacity 8404K, committed 8448K, reserved 1048576K
Event: 6.495 GC heap after
Heap after GC invocations=14 (full 2):
 PSYoungGen      total 179200K, used 4274K [0x00000000e0000000, 0x00000000ec800000, 0x0000000100000000)
  eden space 160768K, 0% used [0x00000000e0000000,0x00000000e0000000,0x00000000e9d00000)
  from space 18432K, 23% used [0x00000000eaf00000,0x00000000eb32ca18,0x00000000ec100000)
  to   space 18432K, 0% used [0x00000000e9d00000,0x00000000e9d00000,0x00000000eaf00000)
 ParOldGen       total 94208K, used 31852K [0x00000000a0000000, 0x00000000a5c00000, 0x00000000e0000000)
  object space 94208K, 33% used [0x00000000a0000000,0x00000000a1f1b008,0x00000000a5c00000)
 Metaspace       used 57038K, capacity 59094K, committed 59160K, reserved 1099776K
  class space    used 7905K, capacity 8404K, committed 8448K, reserved 1048576K
}
Event: 6.495 GC heap before
{Heap before GC invocations=15 (full 3):
 PSYoungGen      total 179200K, used 4274K [0x00000000e0000000, 0x00000000ec800000, 0x0000000100000000)
  eden space 160768K, 0% used [0x00000000e0000000,0x00000000e0000000,0x00000000e9d00000)
  from space 18432K, 23% used [0x00000000eaf00000,0x00000000eb32ca18,0x00000000ec100000)
  to   space 18432K, 0% used [0x00000000e9d00000,0x00000000e9d00000,0x00000000eaf00000)
 ParOldGen       total 94208K, used 31852K [0x00000000a0000000, 0x00000000a5c00000, 0x00000000e0000000)
  object space 94208K, 33% used [0x00000000a0000000,0x00000000a1f1b008,0x00000000a5c00000)
 Metaspace       used 57038K, capacity 59094K, committed 59160K, reserved 1099776K
  class space    used 7905K, capacity 8404K, committed 8448K, reserved 1048576K
Event: 6.701 GC heap after
Heap after GC invocations=15 (full 3):
 PSYoungGen      total 179200K, used 0K [0x00000000e0000000, 0x00000000ec800000, 0x0000000100000000)
  eden space 160768K, 0% used [0x00000000e0000000,0x00000000e0000000,0x00000000e9d00000)
  from space 18432K, 0% used [0x00000000eaf00000,0x00000000eaf00000,0x00000000ec100000)
  to   space 18432K, 0% used [0x00000000e9d00000,0x00000000e9d00000,0x00000000eaf00000)
 ParOldGen       total 94208K, used 31018K [0x00000000a0000000, 0x00000000a5c00000, 0x00000000e0000000)
  object space 94208K, 32% used [0x00000000a0000000,0x00000000a1e4a828,0x00000000a5c00000)
 Metaspace       used 56910K, capacity 58740K, committed 59160K, reserved 1099776K
  class space    used 7866K, capacity 8335K, committed 8448K, reserved 1048576K
}

Deoptimization events (10 events):
Event: 7.459 Thread 0x0000000020d95000 Uncommon trap: reason=null_check action=make_not_entrant pc=0x00000000037ac4ac method=com.sun.org.apache.xerces.internal.dom.ElementImpl.getDefaultAttributes()Lcom/sun/org/apache/xerces/internal/dom/NamedNodeMapImpl; @ 7
Event: 7.467 Thread 0x0000000020d95000 Uncommon trap: reason=null_check action=make_not_entrant pc=0x00000000037b7590 method=com.android.ide.common.resources.NodeUtils.processSingleNodeNamespace(Lorg/w3c/dom/Node;Lorg/w3c/dom/Document;)Z @ 8
Event: 7.515 Thread 0x0000000020d95000 Uncommon trap: reason=unstable_if action=reinterpret pc=0x00000000031579d4 method=java.util.TreeMap.put(Ljava/lang/Object;Ljava/lang/Object;)Ljava/lang/Object; @ 163
Event: 7.556 Thread 0x000000001e093800 Uncommon trap: reason=unstable_if action=reinterpret pc=0x000000000334ee94 method=java.util.HashMap$HashIterator.<init>(Ljava/util/HashMap;)V @ 45
Event: 7.668 Thread 0x0000000020d94000 Uncommon trap: reason=unstable_if action=reinterpret pc=0x0000000003285cd0 method=java.util.concurrent.ConcurrentHashMap.addCount(JI)V @ 97
Event: 7.779 Thread 0x000000001e09b000 Uncommon trap: reason=class_check action=maybe_recompile pc=0x000000000296ab00 method=java.lang.Throwable.<init>(Ljava/lang/String;Ljava/lang/Throwable;)V @ 24
Event: 7.784 Thread 0x000000001e095800 Uncommon trap: reason=class_check action=maybe_recompile pc=0x000000000296ab00 method=java.lang.Throwable.<init>(Ljava/lang/String;Ljava/lang/Throwable;)V @ 24
Event: 7.784 Thread 0x000000001e09b000 Uncommon trap: reason=class_check action=maybe_recompile pc=0x000000000296ab00 method=java.lang.Throwable.<init>(Ljava/lang/String;Ljava/lang/Throwable;)V @ 24
Event: 7.784 Thread 0x000000001e095800 Uncommon trap: reason=class_check action=maybe_recompile pc=0x000000000296ab00 method=java.lang.Throwable.<init>(Ljava/lang/String;Ljava/lang/Throwable;)V @ 24
Event: 7.796 Thread 0x000000001a982000 Uncommon trap: reason=unstable_if action=reinterpret pc=0x00000000035b069c method=java.util.concurrent.ConcurrentHashMap.putVal(Ljava/lang/Object;Ljava/lang/Object;Z)Ljava/lang/Object; @ 113

Classes redefined (0 events):
No events

Internal exceptions (10 events):
Event: 7.446 Thread 0x0000000020d95000 Implicit null exception at 0x0000000003705b75 to 0x0000000003705bf9
Event: 7.459 Thread 0x0000000020d95000 Implicit null exception at 0x00000000037ac321 to 0x00000000037ac495
Event: 7.467 Thread 0x0000000020d95000 Implicit null exception at 0x00000000037b7217 to 0x00000000037b7581
Event: 7.516 Thread 0x0000000020d95000 Exception <a 'java/lang/NoSuchMethodError': <clinit>> (0x00000000e6e33758) thrown at [D:\src\AOSP-openjdk-cygwin\jdk8u\hotspot\src\share\vm\prims\jni.cpp, line 1614]
Event: 7.517 Thread 0x0000000020d95000 Exception <a 'java/lang/NoSuchMethodError': <clinit>> (0x00000000e6e44948) thrown at [D:\src\AOSP-openjdk-cygwin\jdk8u\hotspot\src\share\vm\prims\jni.cpp, line 1614]
Event: 7.518 Thread 0x0000000020d95000 Exception <a 'java/lang/NoSuchMethodError': <clinit>> (0x00000000e6e5fdf8) thrown at [D:\src\AOSP-openjdk-cygwin\jdk8u\hotspot\src\share\vm\prims\jni.cpp, line 1614]
Event: 7.518 Thread 0x0000000020d95000 Exception <a 'java/lang/NoSuchMethodError': <clinit>> (0x00000000e6e64ce0) thrown at [D:\src\AOSP-openjdk-cygwin\jdk8u\hotspot\src\share\vm\prims\jni.cpp, line 1614]
Event: 7.520 Thread 0x0000000020d95000 Exception <a 'java/lang/NoSuchMethodError': <clinit>> (0x00000000e6e75e98) thrown at [D:\src\AOSP-openjdk-cygwin\jdk8u\hotspot\src\share\vm\prims\jni.cpp, line 1614]
Event: 7.783 Thread 0x000000001e09b000 Exception <a 'java/io/IOException'> (0x00000000e716a6a8) thrown at [D:\src\AOSP-openjdk-cygwin\jdk8u\hotspot\src\share\vm\prims\jni.cpp, line 710]
Event: 7.784 Thread 0x000000001e095800 Exception <a 'java/io/IOException'> (0x00000000e7017b80) thrown at [D:\src\AOSP-openjdk-cygwin\jdk8u\hotspot\src\share\vm\prims\jni.cpp, line 710]

Events (10 events):
Event: 7.796 Thread 0x000000001e091000 DEOPT PACKING pc=0x0000000003494c24 sp=0x0000000025c7c3c0
Event: 7.796 Thread 0x000000001e091000 DEOPT UNPACKING pc=0x00000000024775d0 sp=0x0000000025c7c278 mode 0
Event: 7.797 Thread 0x0000000020d94000 DEOPT PACKING pc=0x0000000002dc0353 sp=0x000000002597e0a0
Event: 7.797 Thread 0x0000000020d94000 DEOPT UNPACKING pc=0x00000000024775d0 sp=0x000000002597de28 mode 0
Event: 7.813 Executing VM operation: RevokeBias
Event: 7.813 Executing VM operation: RevokeBias done
Event: 7.822 Thread 0x0000000020d99800 DEOPT PACKING pc=0x0000000003494c24 sp=0x000000002439ce00
Event: 7.822 Thread 0x0000000020d99800 DEOPT UNPACKING pc=0x00000000024775d0 sp=0x000000002439ccb8 mode 0
Event: 7.825 loading class org/gradle/internal/fingerprint/impl/IgnoredPathFingerprintingStrategy$1
Event: 7.825 loading class org/gradle/internal/fingerprint/impl/IgnoredPathFingerprintingStrategy$1 done


Dynamic libraries:
0x00007ff6c0d30000 - 0x00007ff6c0d61000 	C:\Program Files\Android\Android Studio\jre\bin\java.exe
0x00007ff909b80000 - 0x00007ff909d70000 	C:\windows\SYSTEM32\ntdll.dll
0x00007ff907c30000 - 0x00007ff907ce2000 	C:\windows\System32\KERNEL32.DLL
0x00007ff907900000 - 0x00007ff907ba3000 	C:\windows\System32\KERNELBASE.dll
0x00007ff908620000 - 0x00007ff9086c3000 	C:\windows\System32\ADVAPI32.dll
0x00007ff9095c0000 - 0x00007ff90965e000 	C:\windows\System32\msvcrt.dll
0x00007ff908280000 - 0x00007ff908317000 	C:\windows\System32\sechost.dll
0x00007ff908730000 - 0x00007ff908850000 	C:\windows\System32\RPCRT4.dll
0x00007ff908480000 - 0x00007ff908614000 	C:\windows\System32\USER32.dll
0x00007ff906b10000 - 0x00007ff906b31000 	C:\windows\System32\win32u.dll
0x00007ff908320000 - 0x00007ff908346000 	C:\windows\System32\GDI32.dll
0x00007ff907760000 - 0x00007ff9078f4000 	C:\windows\System32\gdi32full.dll
0x00007ff907570000 - 0x00007ff90760e000 	C:\windows\System32\msvcp_win.dll
0x00007ff906b40000 - 0x00007ff906c3a000 	C:\windows\System32\ucrtbase.dll
0x00007ff8eccf0000 - 0x00007ff8ecf75000 	C:\windows\WinSxS\amd64_microsoft.windows.common-controls_6595b64144ccf1df_6.0.18362.720_none_e6beb5c51314836b\COMCTL32.dll
0x00007ff909280000 - 0x00007ff9095b6000 	C:\windows\System32\combase.dll
0x00007ff907490000 - 0x00007ff907510000 	C:\windows\System32\bcryptPrimitives.dll
0x00007ff907eb0000 - 0x00007ff907ede000 	C:\windows\System32\IMM32.DLL
0x000000005f1f0000 - 0x000000005f2c2000 	C:\Program Files\Android\Android Studio\jre\jre\bin\msvcr100.dll
0x000000005e910000 - 0x000000005f156000 	C:\Program Files\Android\Android Studio\jre\jre\bin\server\jvm.dll
0x00007ff908270000 - 0x00007ff908278000 	C:\windows\System32\PSAPI.DLL
0x00007ff902d50000 - 0x00007ff902d59000 	C:\windows\SYSTEM32\WSOCK32.dll
0x00007ff904610000 - 0x00007ff904634000 	C:\windows\SYSTEM32\WINMM.dll
0x00007ff901450000 - 0x00007ff90145a000 	C:\windows\SYSTEM32\VERSION.dll
0x00007ff909ad0000 - 0x00007ff909b3f000 	C:\windows\System32\WS2_32.dll
0x00007ff904190000 - 0x00007ff9041bd000 	C:\windows\SYSTEM32\WINMMBASE.dll
0x00007ff907bb0000 - 0x00007ff907bfa000 	C:\windows\System32\cfgmgr32.dll
0x00007ff901160000 - 0x00007ff90116f000 	C:\Program Files\Android\Android Studio\jre\jre\bin\verify.dll
0x00007ff8ff7d0000 - 0x00007ff8ff7f9000 	C:\Program Files\Android\Android Studio\jre\jre\bin\java.dll
0x00007ff8ff8d0000 - 0x00007ff8ff8e6000 	C:\Program Files\Android\Android Studio\jre\jre\bin\zip.dll
0x00007ff908b90000 - 0x00007ff909275000 	C:\windows\System32\SHELL32.dll
0x00007ff907ee0000 - 0x00007ff907f89000 	C:\windows\System32\shcore.dll
0x00007ff906cf0000 - 0x00007ff907470000 	C:\windows\System32\windows.storage.dll
0x00007ff906ac0000 - 0x00007ff906ae3000 	C:\windows\System32\profapi.dll
0x00007ff906a50000 - 0x00007ff906a9a000 	C:\windows\System32\powrprof.dll
0x00007ff906a40000 - 0x00007ff906a50000 	C:\windows\System32\UMPDC.dll
0x00007ff908b30000 - 0x00007ff908b82000 	C:\windows\System32\shlwapi.dll
0x00007ff906aa0000 - 0x00007ff906ab1000 	C:\windows\System32\kernel.appcore.dll
0x00007ff907470000 - 0x00007ff907487000 	C:\windows\System32\cryptsp.dll
0x00007ff8ff780000 - 0x00007ff8ff79a000 	C:\Program Files\Android\Android Studio\jre\jre\bin\net.dll
0x00007ff8f4020000 - 0x00007ff8f41f5000 	C:\windows\SYSTEM32\urlmon.dll
0x00007ff8f2980000 - 0x00007ff8f2c26000 	C:\windows\SYSTEM32\iertutil.dll
0x00007ff906420000 - 0x00007ff90642c000 	C:\windows\SYSTEM32\CRYPTBASE.DLL
0x00007ff906250000 - 0x00007ff9062b7000 	C:\windows\system32\mswsock.dll
0x00007ff8ff710000 - 0x00007ff8ff723000 	C:\Program Files\Android\Android Studio\jre\jre\bin\nio.dll
0x00007ff8e4ab0000 - 0x00007ff8e4ad6000 	C:\Users\Admin\.gradle\native\30\windows-amd64\native-platform.dll
0x00007ff8ff2e0000 - 0x00007ff8ff2ed000 	C:\Program Files\Android\Android Studio\jre\jre\bin\management.dll
0x00007ff905dc0000 - 0x00007ff905df3000 	C:\windows\system32\rsaenh.dll
0x00007ff907c00000 - 0x00007ff907c26000 	C:\windows\System32\bcrypt.dll
0x00007ff906960000 - 0x00007ff906985000 	C:\windows\SYSTEM32\USERENV.dll
0x00007ff905f60000 - 0x00007ff905f9a000 	C:\windows\SYSTEM32\IPHLPAPI.DLL
0x00007ff907cf0000 - 0x00007ff907cf8000 	C:\windows\System32\NSI.dll
0x00007ff8fdfb0000 - 0x00007ff8fdfc6000 	C:\windows\SYSTEM32\dhcpcsvc6.DLL
0x00007ff8fe310000 - 0x00007ff8fe32c000 	C:\windows\SYSTEM32\dhcpcsvc.DLL
0x00007ff905fa0000 - 0x00007ff90606a000 	C:\windows\SYSTEM32\DNSAPI.dll

VM Arguments:
jvm_args: -Xmx1536m -Dfile.encoding=windows-1252 -Duser.country=IN -Duser.language=en -Duser.variant 
java_command: org.gradle.launcher.daemon.bootstrap.GradleDaemon 5.6.4
java_class_path (initial): C:\Users\Admin\.gradle\wrapper\dists\gradle-5.6.4-all\ankdp27end7byghfw1q2sw75f\gradle-5.6.4\lib\gradle-launcher-5.6.4.jar
Launcher Type: SUN_STANDARD

Environment Variables:
JAVA_HOME=C:\Program Files\Java\jdk1.8.0_241
PATH=C:\Program Files (x86)\Common Files\Oracle\Java\javapath;C:\MinGW\bin;C:\Program Files\Python3.8\Scripts\;C:\Program Files\Python3.8\;C:\windows\system32;C:\windows;C:\windows\System32\Wbem;C:\windows\System32\WindowsPowerShell\v1.0\;C:\windows\System32\OpenSSH\;C:\Program Files\Python3.8;C:\Program Files\Java\jdk1.8.0_241\bin;C:\Program Files\Java\jdk-14\bin;C:\Users\Admin\AppData\Local\Microsoft\WindowsApps;;C:\Program Files\JetBrains\PyCharm Community Edition 2019.3.3\bin;;C:\Users\Admin\AppData\Local\Programs\Microsoft VS Code\bin;C:\Program Files\JetBrains\IntelliJ IDEA Community Edition 2019.3.4\bin;
USERNAME=Admin
OS=Windows_NT
PROCESSOR_IDENTIFIER=Intel64 Family 6 Model 142 Stepping 12, GenuineIntel



---------------  S Y S T E M  ---------------

OS: Windows 10.0 , 64 bit Build 18362 (10.0.18362.329)

CPU:total 8 (initial active 8) (4 cores per cpu, 2 threads per core) family 6 model 142 stepping 12, cmov, cx8, fxsr, mmx, sse, sse2, sse3, ssse3, sse4.1, sse4.2, popcnt, avx, avx2, aes, clmul, erms, 3dnowpref, lzcnt, ht, tsc, tscinvbit, bmi1, bmi2, adx

Memory: 4k page, physical 8187892k(541600k free), swap 11259892k(5132k free)

vm_info: OpenJDK 64-Bit Server VM (25.212-b04) for windows-amd64 JRE (1.8.0_212-release-1586-b04), built by "builder" with MS VC++ 10.0 (VS2010)

time: Mon Apr 06 23:44:11 2020
timezone: India Standard Time
elapsed time: 7 seconds (0d 0h 0m 7s)

